2023/02/12 09:19:08 [error] [exception.CHttpException.404] CHttpException: Unable to resolve the request "admin/index". in C:\xampp\htdocs\sekolah\framework\web\CWebApplication.php:286
Stack trace:
#0 C:\xampp\htdocs\sekolah\framework\web\CWebApplication.php(141): CWebApplication->runController('admin/index')
#1 C:\xampp\htdocs\sekolah\framework\base\CApplication.php(185): CWebApplication->processRequest()
#2 C:\xampp\htdocs\sekolah\index.php(13): CApplication->run()
#3 {main}
REQUEST_URI=/sekolah/index.php?r=admin/index
---
2023/02/12 09:19:31 [error] [exception.CHttpException.404] CHttpException: Unable to resolve the request "admin/index". in C:\xampp\htdocs\sekolah\framework\web\CWebApplication.php:286
Stack trace:
#0 C:\xampp\htdocs\sekolah\framework\web\CWebApplication.php(141): CWebApplication->runController('admin/index')
#1 C:\xampp\htdocs\sekolah\framework\base\CApplication.php(185): CWebApplication->processRequest()
#2 C:\xampp\htdocs\sekolah\index.php(13): CApplication->run()
#3 {main}
REQUEST_URI=/sekolah/index.php?r=admin/index
---
2023/02/12 09:19:44 [error] [exception.CException] CException: Property "UserModule.loginNotActive" is not defined. in C:\xampp\htdocs\sekolah\framework\base\CComponent.php:173
Stack trace:
#0 C:\xampp\htdocs\sekolah\framework\base\CModule.php(520): CComponent->__set('loginNotActive', false)
#1 C:\xampp\htdocs\sekolah\framework\base\CModule.php(86): CModule->configure(Array)
#2 C:\xampp\htdocs\sekolah\framework\YiiBase.php(213): CModule->__construct('user', NULL, Array)
#3 C:\xampp\htdocs\sekolah\framework\base\CModule.php(282): YiiBase::createComponent(Array, 'user', NULL, Array)
#4 C:\xampp\htdocs\sekolah\framework\web\CWebApplication.php(337): CModule->getModule('user')
#5 C:\xampp\htdocs\sekolah\framework\web\CWebApplication.php(276): CWebApplication->createController('admin/')
#6 C:\xampp\htdocs\sekolah\framework\web\CWebApplication.php(141): CWebApplication->runController('user/admin')
#7 C:\xampp\htdocs\sekolah\framework\base\CApplication.php(185): CWebApplication->processRequest()
#8 C:\xampp\htdocs\sekolah\index.php(13): CApplication->run()
#9 {main}
REQUEST_URI=/sekolah/index.php?r=user/admin
---
2023/02/12 09:20:41 [error] [php] include(Rights.php): Failed to open stream: No such file or directory (C:\xampp\htdocs\sekolah\framework\YiiBase.php:463)
Stack trace:
#0 C:\xampp\htdocs\sekolah\framework\YiiBase.php(463): include()
#1 C:\xampp\htdocs\sekolah\protected\modules\user\UserModule.php(142): autoload()
#2 C:\xampp\htdocs\sekolah\framework\web\CController.php(263): UserModule->beforeControllerAction()
#3 C:\xampp\htdocs\sekolah\framework\web\CWebApplication.php(282): AdminController->run()
#4 C:\xampp\htdocs\sekolah\framework\web\CWebApplication.php(141): CWebApplication->runController()
#5 C:\xampp\htdocs\sekolah\framework\base\CApplication.php(185): CWebApplication->processRequest()
#6 C:\xampp\htdocs\sekolah\index.php(13): CWebApplication->run()
REQUEST_URI=/sekolah/index.php?r=user/admin
in C:\xampp\htdocs\sekolah\protected\modules\user\UserModule.php (142)
in C:\xampp\htdocs\sekolah\index.php (13)
2023/02/12 09:21:41 [error] [php] Optional parameter $params declared before required parameter $language is implicitly treated as a required parameter (C:\xampp\htdocs\sekolah\protected\modules\rights\components\Rights.php:133)
Stack trace:
#0 C:\xampp\htdocs\sekolah\framework\YiiBase.php(463): include()
#1 C:\xampp\htdocs\sekolah\protected\modules\user\UserModule.php(142): autoload()
#2 C:\xampp\htdocs\sekolah\framework\web\CController.php(263): UserModule->beforeControllerAction()
#3 C:\xampp\htdocs\sekolah\framework\web\CWebApplication.php(282): AdminController->run()
#4 C:\xampp\htdocs\sekolah\framework\web\CWebApplication.php(141): CWebApplication->runController()
#5 C:\xampp\htdocs\sekolah\framework\base\CApplication.php(185): CWebApplication->processRequest()
#6 C:\xampp\htdocs\sekolah\index.php(13): CWebApplication->run()
REQUEST_URI=/sekolah/index.php?r=user/admin
in C:\xampp\htdocs\sekolah\protected\modules\user\UserModule.php (142)
in C:\xampp\htdocs\sekolah\index.php (13)
2023/02/12 09:23:02 [error] [system.db.CDbCommand] CDbCommand::fetchAll() failed: SQLSTATE[42S02]: Base table or view not found: 1146 Table 'sekolah.users' doesn't exist. The SQL statement executed was: SHOW FULL COLUMNS FROM `users`.
in C:\xampp\htdocs\sekolah\protected\modules\user\UserModule.php (232)
in C:\xampp\htdocs\sekolah\protected\modules\user\controllers\AdminController.php (21)
in C:\xampp\htdocs\sekolah\index.php (13)
2023/02/12 09:23:02 [error] [exception.CDbException] CDbException: The table "users" for active record class "User" cannot be found in the database. in C:\xampp\htdocs\sekolah\framework\db\ar\CActiveRecord.php:2391
Stack trace:
#0 C:\xampp\htdocs\sekolah\framework\db\ar\CActiveRecord.php(413): CActiveRecordMetaData->__construct(Object(User))
#1 C:\xampp\htdocs\sekolah\framework\db\ar\CActiveRecord.php(214): CActiveRecord->getMetaData()
#2 C:\xampp\htdocs\sekolah\protected\modules\user\UserModule.php(232): CActiveRecord->__call('active', Array)
#3 C:\xampp\htdocs\sekolah\protected\modules\user\controllers\AdminController.php(21): UserModule::getAdmins()
#4 C:\xampp\htdocs\sekolah\framework\web\CController.php(1147): AdminController->accessRules()
#5 C:\xampp\htdocs\sekolah\framework\web\filters\CInlineFilter.php(58): CController->filterAccessControl(Object(CFilterChain))
#6 C:\xampp\htdocs\sekolah\framework\web\filters\CFilterChain.php(131): CInlineFilter->filter(Object(CFilterChain))
#7 C:\xampp\htdocs\sekolah\framework\web\CController.php(291): CFilterChain->run()
#8 C:\xampp\htdocs\sekolah\framework\web\CController.php(265): CController->runActionWithFilters(Object(CInlineAction), Array)
#9 C:\xampp\htdocs\sekolah\framework\web\CWebApplication.php(282): CController->run('')
#10 C:\xampp\htdocs\sekolah\framework\web\CWebApplication.php(141): CWebApplication->runController('user/admin')
#11 C:\xampp\htdocs\sekolah\framework\base\CApplication.php(185): CWebApplication->processRequest()
#12 C:\xampp\htdocs\sekolah\index.php(13): CApplication->run()
#13 {main}
REQUEST_URI=/sekolah/index.php?r=user/admin
---
2023/02/12 09:28:28 [error] [php] include(Profile.php): Failed to open stream: No such file or directory (C:\xampp\htdocs\sekolah\framework\YiiBase.php:463)
Stack trace:
#0 C:\xampp\htdocs\sekolah\framework\YiiBase.php(463): include()
#1 C:\xampp\htdocs\sekolah\framework\db\ar\CActiveRecord.php(397): autoload()
#2 C:\xampp\htdocs\sekolah\framework\db\ar\CActiveFinder.php(182): model()
#3 C:\xampp\htdocs\sekolah\framework\db\ar\CActiveFinder.php(231): CActiveFinder->getModel()
#4 C:\xampp\htdocs\sekolah\framework\db\ar\CActiveFinder.php(300): CActiveFinder->buildJoinTree()
#5 C:\xampp\htdocs\sekolah\framework\db\ar\CActiveFinder.php(48): CActiveFinder->buildJoinTree()
#6 C:\xampp\htdocs\sekolah\framework\db\ar\CActiveRecord.php(915): CActiveFinder->__construct()
#7 C:\xampp\htdocs\sekolah\framework\db\ar\CActiveRecord.php(1363): User->getActiveFinder()
#8 C:\xampp\htdocs\sekolah\framework\db\ar\CActiveRecord.php(1478): User->query()
#9 C:\xampp\htdocs\sekolah\protected\modules\user\UserModule.php(232): User->findAll()
#10 C:\xampp\htdocs\sekolah\protected\modules\user\controllers\AdminController.php(21): getAdmins()
#11 C:\xampp\htdocs\sekolah\framework\web\CController.php(1147): AdminController->accessRules()
#12 C:\xampp\htdocs\sekolah\framework\web\filters\CInlineFilter.php(58): AdminController->filterAccessControl()
#13 C:\xampp\htdocs\sekolah\framework\web\filters\CFilterChain.php(131): CInlineFilter->filter()
#14 C:\xampp\htdocs\sekolah\framework\web\CController.php(291): CFilterChain->run()
#15 C:\xampp\htdocs\sekolah\framework\web\CController.php(265): AdminController->runActionWithFilters()
#16 C:\xampp\htdocs\sekolah\framework\web\CWebApplication.php(282): AdminController->run()
#17 C:\xampp\htdocs\sekolah\framework\web\CWebApplication.php(141): CWebApplication->runController()
#18 C:\xampp\htdocs\sekolah\framework\base\CApplication.php(185): CWebApplication->processRequest()
#19 C:\xampp\htdocs\sekolah\index.php(13): CWebApplication->run()
REQUEST_URI=/sekolah/index.php?r=user/admin
in C:\xampp\htdocs\sekolah\protected\modules\user\UserModule.php (232)
in C:\xampp\htdocs\sekolah\protected\modules\user\controllers\AdminController.php (21)
in C:\xampp\htdocs\sekolah\index.php (13)
2023/02/12 09:30:31 [error] [php] include(UActiveRecord.php): Failed to open stream: No such file or directory (C:\xampp\htdocs\sekolah\framework\YiiBase.php:463)
Stack trace:
#0 C:\xampp\htdocs\sekolah\framework\YiiBase.php(463): include()
#1 C:\xampp\htdocs\sekolah\protected\modules\user\models\Profile.php(3): autoload()
#2 C:\xampp\htdocs\sekolah\framework\YiiBase.php(463): include()
#3 C:\xampp\htdocs\sekolah\framework\db\ar\CActiveRecord.php(397): autoload()
#4 C:\xampp\htdocs\sekolah\framework\db\ar\CActiveFinder.php(182): model()
#5 C:\xampp\htdocs\sekolah\framework\db\ar\CActiveFinder.php(231): CActiveFinder->getModel()
#6 C:\xampp\htdocs\sekolah\framework\db\ar\CActiveFinder.php(300): CActiveFinder->buildJoinTree()
#7 C:\xampp\htdocs\sekolah\framework\db\ar\CActiveFinder.php(48): CActiveFinder->buildJoinTree()
#8 C:\xampp\htdocs\sekolah\framework\db\ar\CActiveRecord.php(915): CActiveFinder->__construct()
#9 C:\xampp\htdocs\sekolah\framework\db\ar\CActiveRecord.php(1363): User->getActiveFinder()
#10 C:\xampp\htdocs\sekolah\framework\db\ar\CActiveRecord.php(1478): User->query()
#11 C:\xampp\htdocs\sekolah\protected\modules\user\UserModule.php(232): User->findAll()
#12 C:\xampp\htdocs\sekolah\protected\modules\user\controllers\AdminController.php(21): getAdmins()
#13 C:\xampp\htdocs\sekolah\framework\web\CController.php(1147): AdminController->accessRules()
#14 C:\xampp\htdocs\sekolah\framework\web\filters\CInlineFilter.php(58): AdminController->filterAccessControl()
#15 C:\xampp\htdocs\sekolah\framework\web\filters\CFilterChain.php(131): CInlineFilter->filter()
#16 C:\xampp\htdocs\sekolah\framework\web\CController.php(291): CFilterChain->run()
#17 C:\xampp\htdocs\sekolah\framework\web\CController.php(265): AdminController->runActionWithFilters()
#18 C:\xampp\htdocs\sekolah\framework\web\CWebApplication.php(282): AdminController->run()
#19 C:\xampp\htdocs\sekolah\framework\web\CWebApplication.php(141): CWebApplication->runController()
#20 C:\xampp\htdocs\sekolah\framework\base\CApplication.php(185): CWebApplication->processRequest()
#21 C:\xampp\htdocs\sekolah\index.php(13): CWebApplication->run()
REQUEST_URI=/sekolah/index.php?r=user/admin
in C:\xampp\htdocs\sekolah\protected\modules\user\models\Profile.php (3)
in C:\xampp\htdocs\sekolah\protected\modules\user\UserModule.php (232)
in C:\xampp\htdocs\sekolah\protected\modules\user\controllers\AdminController.php (21)
2023/02/12 09:31:08 [error] [exception.CDbException] CDbException: Active record "User" is trying to select an invalid column "user.lastvisit_at". Note, the column must exist in the table or be an expression with alias. in C:\xampp\htdocs\sekolah\framework\db\ar\CActiveFinder.php:967
Stack trace:
#0 C:\xampp\htdocs\sekolah\framework\db\ar\CActiveFinder.php(1286): CJoinElement->getColumnSelect(Array)
#1 C:\xampp\htdocs\sekolah\framework\db\ar\CActiveFinder.php(437): CJoinQuery->__construct(Object(CJoinElement), Object(CDbCriteria))
#2 C:\xampp\htdocs\sekolah\framework\db\ar\CActiveFinder.php(68): CJoinElement->find(Object(CDbCriteria))
#3 C:\xampp\htdocs\sekolah\framework\db\ar\CActiveRecord.php(1364): CActiveFinder->query(Object(CDbCriteria), true)
#4 C:\xampp\htdocs\sekolah\framework\db\ar\CActiveRecord.php(1478): CActiveRecord->query(Object(CDbCriteria), true)
#5 C:\xampp\htdocs\sekolah\protected\modules\user\UserModule.php(232): CActiveRecord->findAll()
#6 C:\xampp\htdocs\sekolah\protected\modules\user\controllers\AdminController.php(21): UserModule::getAdmins()
#7 C:\xampp\htdocs\sekolah\framework\web\CController.php(1147): AdminController->accessRules()
#8 C:\xampp\htdocs\sekolah\framework\web\filters\CInlineFilter.php(58): CController->filterAccessControl(Object(CFilterChain))
#9 C:\xampp\htdocs\sekolah\framework\web\filters\CFilterChain.php(131): CInlineFilter->filter(Object(CFilterChain))
#10 C:\xampp\htdocs\sekolah\framework\web\CController.php(291): CFilterChain->run()
#11 C:\xampp\htdocs\sekolah\framework\web\CController.php(265): CController->runActionWithFilters(Object(CInlineAction), Array)
#12 C:\xampp\htdocs\sekolah\framework\web\CWebApplication.php(282): CController->run('')
#13 C:\xampp\htdocs\sekolah\framework\web\CWebApplication.php(141): CWebApplication->runController('user/admin')
#14 C:\xampp\htdocs\sekolah\framework\base\CApplication.php(185): CWebApplication->processRequest()
#15 C:\xampp\htdocs\sekolah\index.php(13): CApplication->run()
#16 {main}
REQUEST_URI=/sekolah/index.php?r=user/admin
---
2023/02/12 09:32:38 [error] [exception.CDbException] CDbException: Active record "User" is trying to select an invalid column "user.mobile_number". Note, the column must exist in the table or be an expression with alias. in C:\xampp\htdocs\sekolah\framework\db\ar\CActiveFinder.php:967
Stack trace:
#0 C:\xampp\htdocs\sekolah\framework\db\ar\CActiveFinder.php(1286): CJoinElement->getColumnSelect(Array)
#1 C:\xampp\htdocs\sekolah\framework\db\ar\CActiveFinder.php(437): CJoinQuery->__construct(Object(CJoinElement), Object(CDbCriteria))
#2 C:\xampp\htdocs\sekolah\framework\db\ar\CActiveFinder.php(68): CJoinElement->find(Object(CDbCriteria))
#3 C:\xampp\htdocs\sekolah\framework\db\ar\CActiveRecord.php(1364): CActiveFinder->query(Object(CDbCriteria), true)
#4 C:\xampp\htdocs\sekolah\framework\db\ar\CActiveRecord.php(1478): CActiveRecord->query(Object(CDbCriteria), true)
#5 C:\xampp\htdocs\sekolah\protected\modules\user\UserModule.php(232): CActiveRecord->findAll()
#6 C:\xampp\htdocs\sekolah\protected\modules\user\controllers\AdminController.php(21): UserModule::getAdmins()
#7 C:\xampp\htdocs\sekolah\framework\web\CController.php(1147): AdminController->accessRules()
#8 C:\xampp\htdocs\sekolah\framework\web\filters\CInlineFilter.php(58): CController->filterAccessControl(Object(CFilterChain))
#9 C:\xampp\htdocs\sekolah\framework\web\filters\CFilterChain.php(131): CInlineFilter->filter(Object(CFilterChain))
#10 C:\xampp\htdocs\sekolah\framework\web\CController.php(291): CFilterChain->run()
#11 C:\xampp\htdocs\sekolah\framework\web\CController.php(265): CController->runActionWithFilters(Object(CInlineAction), Array)
#12 C:\xampp\htdocs\sekolah\framework\web\CWebApplication.php(282): CController->run('')
#13 C:\xampp\htdocs\sekolah\framework\web\CWebApplication.php(141): CWebApplication->runController('user/admin')
#14 C:\xampp\htdocs\sekolah\framework\base\CApplication.php(185): CWebApplication->processRequest()
#15 C:\xampp\htdocs\sekolah\index.php(13): CApplication->run()
#16 {main}
REQUEST_URI=/sekolah/index.php?r=user/admin
---
2023/02/12 09:33:55 [error] [exception.CHttpException.404] CHttpException: Unable to resolve the request "user/login". in C:\xampp\htdocs\sekolah\framework\web\CWebApplication.php:286
Stack trace:
#0 C:\xampp\htdocs\sekolah\framework\web\CWebApplication.php(141): CWebApplication->runController('user/login')
#1 C:\xampp\htdocs\sekolah\framework\base\CApplication.php(185): CWebApplication->processRequest()
#2 C:\xampp\htdocs\sekolah\index.php(13): CApplication->run()
#3 {main}
REQUEST_URI=/sekolah/index.php?r=user/login
---
2023/02/12 09:34:27 [error] [php] Undefined variable $sortableColumnNamesArray (C:\xampp\htdocs\sekolah\protected\modules\user\controllers\AdminController.php:39)
Stack trace:
#0 C:\xampp\htdocs\sekolah\framework\web\actions\CInlineAction.php(49): AdminController->actionAdmin()
#1 C:\xampp\htdocs\sekolah\framework\web\CController.php(308): CInlineAction->runWithParams()
#2 C:\xampp\htdocs\sekolah\framework\web\CController.php(286): AdminController->runAction()
#3 C:\xampp\htdocs\sekolah\framework\web\CController.php(265): AdminController->runActionWithFilters()
#4 C:\xampp\htdocs\sekolah\framework\web\CWebApplication.php(282): AdminController->run()
#5 C:\xampp\htdocs\sekolah\framework\web\CWebApplication.php(141): CWebApplication->runController()
#6 C:\xampp\htdocs\sekolah\framework\base\CApplication.php(185): CWebApplication->processRequest()
#7 C:\xampp\htdocs\sekolah\index.php(13): CWebApplication->run()
REQUEST_URI=/sekolah/index.php?r=user/admin
in C:\xampp\htdocs\sekolah\protected\modules\user\controllers\AdminController.php (39)
in C:\xampp\htdocs\sekolah\index.php (13)
2023/02/20 03:37:23 [error] [exception.CDbException] CDbException: CDbConnection failed to open the DB connection: SQLSTATE[HY000] [1049] Unknown database 'sekolah' in C:\xampp\htdocs\sekolah\framework\db\CDbConnection.php:399
Stack trace:
#0 C:\xampp\htdocs\sekolah\framework\db\CDbConnection.php(347): CDbConnection->open()
#1 C:\xampp\htdocs\sekolah\framework\db\CDbConnection.php(325): CDbConnection->setActive(true)
#2 C:\xampp\htdocs\sekolah\framework\base\CModule.php(394): CDbConnection->init()
#3 C:\xampp\htdocs\sekolah\framework\web\auth\CDbAuthManager.php(589): CModule->getComponent('db')
#4 C:\xampp\htdocs\sekolah\framework\web\auth\CDbAuthManager.php(59): CDbAuthManager->getDbConnection()
#5 C:\xampp\htdocs\sekolah\framework\base\CModule.php(394): CDbAuthManager->init()
#6 C:\xampp\htdocs\sekolah\framework\web\CWebApplication.php(185): CModule->getComponent('authManager')
#7 C:\xampp\htdocs\sekolah\protected\modules\rights\components\RAuthorizer.php(11): CWebApplication->getAuthManager()
#8 C:\xampp\htdocs\sekolah\framework\base\CModule.php(394): RAuthorizer->init()
#9 C:\xampp\htdocs\sekolah\protected\modules\rights\RightsModule.php(42): CModule->getComponent('authorizer')
#10 C:\xampp\htdocs\sekolah\protected\modules\rights\components\Rights.php(128): RightsModule->getAuthorizer()
#11 C:\xampp\htdocs\sekolah\protected\modules\rights\components\Rights.php(30): Rights::getAuthorizer()
#12 C:\xampp\htdocs\sekolah\protected\modules\user\UserModule.php(142): Rights::getAssignedRoles(NULL)
#13 C:\xampp\htdocs\sekolah\framework\web\CController.php(263): UserModule->beforeControllerAction(Object(AdminController), Object(CInlineAction))
#14 C:\xampp\htdocs\sekolah\framework\web\CWebApplication.php(282): CController->run('')
#15 C:\xampp\htdocs\sekolah\framework\web\CWebApplication.php(141): CWebApplication->runController('user/admin')
#16 C:\xampp\htdocs\sekolah\framework\base\CApplication.php(185): CWebApplication->processRequest()
#17 C:\xampp\htdocs\sekolah\index.php(13): CApplication->run()
#18 {main}
REQUEST_URI=/sekolah/index.php?r=user/admin
---
2023/02/20 03:39:37 [error] [php] Undefined variable $sortableColumnNamesArray (C:\xampp\htdocs\sekolah\protected\modules\user\controllers\AdminController.php:39)
Stack trace:
#0 C:\xampp\htdocs\sekolah\framework\web\actions\CInlineAction.php(49): AdminController->actionAdmin()
#1 C:\xampp\htdocs\sekolah\framework\web\CController.php(308): CInlineAction->runWithParams()
#2 C:\xampp\htdocs\sekolah\framework\web\CController.php(286): AdminController->runAction()
#3 C:\xampp\htdocs\sekolah\framework\web\CController.php(265): AdminController->runActionWithFilters()
#4 C:\xampp\htdocs\sekolah\framework\web\CWebApplication.php(282): AdminController->run()
#5 C:\xampp\htdocs\sekolah\framework\web\CWebApplication.php(141): CWebApplication->runController()
#6 C:\xampp\htdocs\sekolah\framework\base\CApplication.php(185): CWebApplication->processRequest()
#7 C:\xampp\htdocs\sekolah\index.php(13): CWebApplication->run()
REQUEST_URI=/sekolah/index.php?r=user/admin
in C:\xampp\htdocs\sekolah\protected\modules\user\controllers\AdminController.php (39)
in C:\xampp\htdocs\sekolah\index.php (13)
2023/02/20 03:39:40 [error] [php] Undefined variable $sortableColumnNamesArray (C:\xampp\htdocs\sekolah\protected\modules\user\controllers\AdminController.php:39)
Stack trace:
#0 C:\xampp\htdocs\sekolah\framework\web\actions\CInlineAction.php(49): AdminController->actionAdmin()
#1 C:\xampp\htdocs\sekolah\framework\web\CController.php(308): CInlineAction->runWithParams()
#2 C:\xampp\htdocs\sekolah\framework\web\CController.php(286): AdminController->runAction()
#3 C:\xampp\htdocs\sekolah\framework\web\CController.php(265): AdminController->runActionWithFilters()
#4 C:\xampp\htdocs\sekolah\framework\web\CWebApplication.php(282): AdminController->run()
#5 C:\xampp\htdocs\sekolah\framework\web\CWebApplication.php(141): CWebApplication->runController()
#6 C:\xampp\htdocs\sekolah\framework\base\CApplication.php(185): CWebApplication->processRequest()
#7 C:\xampp\htdocs\sekolah\index.php(13): CWebApplication->run()
REQUEST_URI=/sekolah/index.php?r=user/admin
in C:\xampp\htdocs\sekolah\protected\modules\user\controllers\AdminController.php (39)
in C:\xampp\htdocs\sekolah\index.php (13)
2023/02/20 03:39:46 [error] [system.db.CDbCommand] CDbCommand::fetchAll() failed: SQLSTATE[42S02]: Base table or view not found: 1146 Table 'sekolah.users' doesn't exist. The SQL statement executed was: SHOW FULL COLUMNS FROM `users`.
in C:\xampp\htdocs\sekolah\protected\modules\user\controllers\AdminController.php (32)
in C:\xampp\htdocs\sekolah\index.php (13)
2023/02/20 03:39:46 [error] [exception.CDbException] CDbException: The table "users" for active record class "User" cannot be found in the database. in C:\xampp\htdocs\sekolah\framework\db\ar\CActiveRecord.php:2391
Stack trace:
#0 C:\xampp\htdocs\sekolah\framework\db\ar\CActiveRecord.php(413): CActiveRecordMetaData->__construct(Object(User))
#1 C:\xampp\htdocs\sekolah\framework\db\ar\CActiveRecord.php(79): CActiveRecord->getMetaData()
#2 C:\xampp\htdocs\sekolah\protected\modules\user\controllers\AdminController.php(32): CActiveRecord->__construct('search')
#3 C:\xampp\htdocs\sekolah\framework\web\actions\CInlineAction.php(49): AdminController->actionAdmin()
#4 C:\xampp\htdocs\sekolah\framework\web\CController.php(308): CInlineAction->runWithParams(Array)
#5 C:\xampp\htdocs\sekolah\framework\web\CController.php(286): CController->runAction(Object(CInlineAction))
#6 C:\xampp\htdocs\sekolah\framework\web\CController.php(265): CController->runActionWithFilters(Object(CInlineAction), Array)
#7 C:\xampp\htdocs\sekolah\framework\web\CWebApplication.php(282): CController->run('')
#8 C:\xampp\htdocs\sekolah\framework\web\CWebApplication.php(141): CWebApplication->runController('user/admin')
#9 C:\xampp\htdocs\sekolah\framework\base\CApplication.php(185): CWebApplication->processRequest()
#10 C:\xampp\htdocs\sekolah\index.php(13): CApplication->run()
#11 {main}
REQUEST_URI=/sekolah/index.php?r=user/admin
---
2023/02/20 03:40:39 [error] [php] Undefined variable $widget (C:\xampp\htdocs\sekolah\protected\modules\user\views\admin\index.php:1)
Stack trace:
#0 C:\xampp\htdocs\sekolah\framework\web\CBaseController.php(126): require()
#1 C:\xampp\htdocs\sekolah\framework\web\CBaseController.php(95): AdminController->renderInternal()
#2 C:\xampp\htdocs\sekolah\framework\web\CController.php(872): AdminController->renderFile()
#3 C:\xampp\htdocs\sekolah\framework\web\CController.php(785): AdminController->renderPartial()
#4 C:\xampp\htdocs\sekolah\protected\modules\user\controllers\AdminController.php(36): AdminController->render()
#5 C:\xampp\htdocs\sekolah\framework\web\actions\CInlineAction.php(49): AdminController->actionAdmin()
#6 C:\xampp\htdocs\sekolah\framework\web\CController.php(308): CInlineAction->runWithParams()
#7 C:\xampp\htdocs\sekolah\framework\web\CController.php(286): AdminController->runAction()
#8 C:\xampp\htdocs\sekolah\framework\web\CController.php(265): AdminController->runActionWithFilters()
#9 C:\xampp\htdocs\sekolah\framework\web\CWebApplication.php(282): AdminController->run()
#10 C:\xampp\htdocs\sekolah\framework\web\CWebApplication.php(141): CWebApplication->runController()
#11 C:\xampp\htdocs\sekolah\framework\base\CApplication.php(185): CWebApplication->processRequest()
#12 C:\xampp\htdocs\sekolah\index.php(13): CWebApplication->run()
REQUEST_URI=/sekolah/index.php?r=user/admin
in C:\xampp\htdocs\sekolah\protected\modules\user\views\admin\index.php (1)
in C:\xampp\htdocs\sekolah\protected\modules\user\controllers\AdminController.php (36)
in C:\xampp\htdocs\sekolah\index.php (13)
2023/02/20 03:42:22 [error] [exception.CException] CException: Property "CWebApplication.end" is not defined. in C:\xampp\htdocs\sekolah\framework\base\CComponent.php:130
Stack trace:
#0 C:\xampp\htdocs\sekolah\framework\base\CModule.php(105): CComponent->__get('end')
#1 C:\xampp\htdocs\sekolah\protected\modules\user\controllers\AdminController.php(35): CModule->__get('end')
#2 C:\xampp\htdocs\sekolah\framework\web\actions\CInlineAction.php(49): AdminController->actionAdmin()
#3 C:\xampp\htdocs\sekolah\framework\web\CController.php(308): CInlineAction->runWithParams(Array)
#4 C:\xampp\htdocs\sekolah\framework\web\CController.php(286): CController->runAction(Object(CInlineAction))
#5 C:\xampp\htdocs\sekolah\framework\web\CController.php(265): CController->runActionWithFilters(Object(CInlineAction), Array)
#6 C:\xampp\htdocs\sekolah\framework\web\CWebApplication.php(282): CController->run('')
#7 C:\xampp\htdocs\sekolah\framework\web\CWebApplication.php(141): CWebApplication->runController('user/admin')
#8 C:\xampp\htdocs\sekolah\framework\base\CApplication.php(185): CWebApplication->processRequest()
#9 C:\xampp\htdocs\sekolah\index.php(13): CApplication->run()
#10 {main}
REQUEST_URI=/sekolah/index.php?r=user/admin
---
2023/02/20 03:42:23 [error] [exception.CException] CException: Property "CWebApplication.end" is not defined. in C:\xampp\htdocs\sekolah\framework\base\CComponent.php:130
Stack trace:
#0 C:\xampp\htdocs\sekolah\framework\base\CModule.php(105): CComponent->__get('end')
#1 C:\xampp\htdocs\sekolah\protected\modules\user\controllers\AdminController.php(35): CModule->__get('end')
#2 C:\xampp\htdocs\sekolah\framework\web\actions\CInlineAction.php(49): AdminController->actionAdmin()
#3 C:\xampp\htdocs\sekolah\framework\web\CController.php(308): CInlineAction->runWithParams(Array)
#4 C:\xampp\htdocs\sekolah\framework\web\CController.php(286): CController->runAction(Object(CInlineAction))
#5 C:\xampp\htdocs\sekolah\framework\web\CController.php(265): CController->runActionWithFilters(Object(CInlineAction), Array)
#6 C:\xampp\htdocs\sekolah\framework\web\CWebApplication.php(282): CController->run('')
#7 C:\xampp\htdocs\sekolah\framework\web\CWebApplication.php(141): CWebApplication->runController('user/admin')
#8 C:\xampp\htdocs\sekolah\framework\base\CApplication.php(185): CWebApplication->processRequest()
#9 C:\xampp\htdocs\sekolah\index.php(13): CApplication->run()
#10 {main}
REQUEST_URI=/sekolah/index.php?r=user/admin
---
2023/02/20 03:42:24 [error] [exception.CException] CException: Property "CWebApplication.end" is not defined. in C:\xampp\htdocs\sekolah\framework\base\CComponent.php:130
Stack trace:
#0 C:\xampp\htdocs\sekolah\framework\base\CModule.php(105): CComponent->__get('end')
#1 C:\xampp\htdocs\sekolah\protected\modules\user\controllers\AdminController.php(35): CModule->__get('end')
#2 C:\xampp\htdocs\sekolah\framework\web\actions\CInlineAction.php(49): AdminController->actionAdmin()
#3 C:\xampp\htdocs\sekolah\framework\web\CController.php(308): CInlineAction->runWithParams(Array)
#4 C:\xampp\htdocs\sekolah\framework\web\CController.php(286): CController->runAction(Object(CInlineAction))
#5 C:\xampp\htdocs\sekolah\framework\web\CController.php(265): CController->runActionWithFilters(Object(CInlineAction), Array)
#6 C:\xampp\htdocs\sekolah\framework\web\CWebApplication.php(282): CController->run('')
#7 C:\xampp\htdocs\sekolah\framework\web\CWebApplication.php(141): CWebApplication->runController('user/admin')
#8 C:\xampp\htdocs\sekolah\framework\base\CApplication.php(185): CWebApplication->processRequest()
#9 C:\xampp\htdocs\sekolah\index.php(13): CApplication->run()
#10 {main}
REQUEST_URI=/sekolah/index.php?r=user/admin
---
2023/02/20 03:42:24 [error] [exception.CException] CException: Property "CWebApplication.end" is not defined. in C:\xampp\htdocs\sekolah\framework\base\CComponent.php:130
Stack trace:
#0 C:\xampp\htdocs\sekolah\framework\base\CModule.php(105): CComponent->__get('end')
#1 C:\xampp\htdocs\sekolah\protected\modules\user\controllers\AdminController.php(35): CModule->__get('end')
#2 C:\xampp\htdocs\sekolah\framework\web\actions\CInlineAction.php(49): AdminController->actionAdmin()
#3 C:\xampp\htdocs\sekolah\framework\web\CController.php(308): CInlineAction->runWithParams(Array)
#4 C:\xampp\htdocs\sekolah\framework\web\CController.php(286): CController->runAction(Object(CInlineAction))
#5 C:\xampp\htdocs\sekolah\framework\web\CController.php(265): CController->runActionWithFilters(Object(CInlineAction), Array)
#6 C:\xampp\htdocs\sekolah\framework\web\CWebApplication.php(282): CController->run('')
#7 C:\xampp\htdocs\sekolah\framework\web\CWebApplication.php(141): CWebApplication->runController('user/admin')
#8 C:\xampp\htdocs\sekolah\framework\base\CApplication.php(185): CWebApplication->processRequest()
#9 C:\xampp\htdocs\sekolah\index.php(13): CApplication->run()
#10 {main}
REQUEST_URI=/sekolah/index.php?r=user/admin
---
2023/02/20 03:52:40 [error] [exception.CHttpException.404] CHttpException: The system is unable to find the requested action "lgon". in C:\xampp\htdocs\sekolah\framework\web\CController.php:486
Stack trace:
#0 C:\xampp\htdocs\sekolah\framework\web\CController.php(270): CController->missingAction('lgon')
#1 C:\xampp\htdocs\sekolah\framework\web\CWebApplication.php(282): CController->run('lgon')
#2 C:\xampp\htdocs\sekolah\framework\web\CWebApplication.php(141): CWebApplication->runController('site/lgon')
#3 C:\xampp\htdocs\sekolah\framework\base\CApplication.php(185): CWebApplication->processRequest()
#4 C:\xampp\htdocs\sekolah\index.php(13): CApplication->run()
#5 {main}
REQUEST_URI=/sekolah/index.php?r=site/lgon
---
2023/02/20 03:52:43 [error] [exception.CException] CException: CAssetManager.basePath "C:\xampp\htdocs\sekolah\assets" is invalid. Please make sure the directory exists and is writable by the Web server process. in C:\xampp\htdocs\sekolah\framework\web\CAssetManager.php:138
Stack trace:
#0 C:\xampp\htdocs\sekolah\framework\web\CAssetManager.php(123): CAssetManager->setBasePath('C:\\xampp\\htdocs...')
#1 C:\xampp\htdocs\sekolah\framework\web\CAssetManager.php(217): CAssetManager->getBasePath()
#2 C:\xampp\htdocs\sekolah\framework\web\CClientScript.php(511): CAssetManager->publish('C:\\xampp\\htdocs...')
#3 C:\xampp\htdocs\sekolah\framework\web\CClientScript.php(548): CClientScript->getCoreScriptUrl()
#4 C:\xampp\htdocs\sekolah\framework\web\CClientScript.php(349): CClientScript->getPackageBaseUrl('jquery')
#5 C:\xampp\htdocs\sekolah\framework\web\CClientScript.php(208): CClientScript->renderCoreScripts()
#6 C:\xampp\htdocs\sekolah\framework\web\CController.php(352): CClientScript->render('<!DOCTYPE html>...')
#7 C:\xampp\htdocs\sekolah\framework\web\CController.php(791): CController->processOutput('<!DOCTYPE html>...')
#8 C:\xampp\htdocs\sekolah\protected\controllers\SiteController.php(99): CController->render('login', Array)
#9 C:\xampp\htdocs\sekolah\framework\web\actions\CInlineAction.php(49): SiteController->actionLogin()
#10 C:\xampp\htdocs\sekolah\framework\web\CController.php(308): CInlineAction->runWithParams(Array)
#11 C:\xampp\htdocs\sekolah\framework\web\CController.php(286): CController->runAction(Object(CInlineAction))
#12 C:\xampp\htdocs\sekolah\framework\web\CController.php(265): CController->runActionWithFilters(Object(CInlineAction), Array)
#13 C:\xampp\htdocs\sekolah\framework\web\CWebApplication.php(282): CController->run('login')
#14 C:\xampp\htdocs\sekolah\framework\web\CWebApplication.php(141): CWebApplication->runController('site/login')
#15 C:\xampp\htdocs\sekolah\framework\base\CApplication.php(185): CWebApplication->processRequest()
#16 C:\xampp\htdocs\sekolah\index.php(13): CApplication->run()
#17 {main}
REQUEST_URI=/sekolah/index.php?r=site/login
---
2023/02/20 03:58:05 [error] [exception.Error] Error: Object of class UserModule could not be converted to string in C:\xampp\htdocs\sekolah\protected\modules\user\views\admin\index.php:1
Stack trace:
#0 C:\xampp\htdocs\sekolah\framework\web\CBaseController.php(126): require()
#1 C:\xampp\htdocs\sekolah\framework\web\CBaseController.php(95): CBaseController->renderInternal('C:\\xampp\\htdocs...', Array, true)
#2 C:\xampp\htdocs\sekolah\framework\web\CController.php(872): CBaseController->renderFile('C:\\xampp\\htdocs...', Array, true)
#3 C:\xampp\htdocs\sekolah\framework\web\CController.php(785): CController->renderPartial('index', Array, true)
#4 C:\xampp\htdocs\sekolah\protected\modules\user\controllers\AdminController.php(37): CController->render('index', Array)
#5 C:\xampp\htdocs\sekolah\framework\web\actions\CInlineAction.php(49): AdminController->actionAdmin()
#6 C:\xampp\htdocs\sekolah\framework\web\CController.php(308): CInlineAction->runWithParams(Array)
#7 C:\xampp\htdocs\sekolah\framework\web\CController.php(286): CController->runAction(Object(CInlineAction))
#8 C:\xampp\htdocs\sekolah\framework\web\CController.php(265): CController->runActionWithFilters(Object(CInlineAction), Array)
#9 C:\xampp\htdocs\sekolah\framework\web\CWebApplication.php(282): CController->run('')
#10 C:\xampp\htdocs\sekolah\framework\web\CWebApplication.php(141): CWebApplication->runController('user/admin')
#11 C:\xampp\htdocs\sekolah\framework\base\CApplication.php(185): CWebApplication->processRequest()
#12 C:\xampp\htdocs\sekolah\index.php(13): CApplication->run()
#13 {main}
REQUEST_URI=/sekolah/index.php?r=user/admin
---
2023/02/20 03:58:39 [error] [exception.Error] Error: Object of class UserModule could not be converted to string in C:\xampp\htdocs\sekolah\protected\modules\user\views\admin\index.php:1
Stack trace:
#0 C:\xampp\htdocs\sekolah\framework\web\CBaseController.php(126): require()
#1 C:\xampp\htdocs\sekolah\framework\web\CBaseController.php(95): CBaseController->renderInternal('C:\\xampp\\htdocs...', Array, true)
#2 C:\xampp\htdocs\sekolah\framework\web\CController.php(872): CBaseController->renderFile('C:\\xampp\\htdocs...', Array, true)
#3 C:\xampp\htdocs\sekolah\framework\web\CController.php(785): CController->renderPartial('index', Array, true)
#4 C:\xampp\htdocs\sekolah\protected\modules\user\controllers\AdminController.php(37): CController->render('index', Array)
#5 C:\xampp\htdocs\sekolah\framework\web\actions\CInlineAction.php(49): AdminController->actionAdmin()
#6 C:\xampp\htdocs\sekolah\framework\web\CController.php(308): CInlineAction->runWithParams(Array)
#7 C:\xampp\htdocs\sekolah\framework\web\CController.php(286): CController->runAction(Object(CInlineAction))
#8 C:\xampp\htdocs\sekolah\framework\web\CController.php(265): CController->runActionWithFilters(Object(CInlineAction), Array)
#9 C:\xampp\htdocs\sekolah\framework\web\CWebApplication.php(282): CController->run('')
#10 C:\xampp\htdocs\sekolah\framework\web\CWebApplication.php(141): CWebApplication->runController('user/admin')
#11 C:\xampp\htdocs\sekolah\framework\base\CApplication.php(185): CWebApplication->processRequest()
#12 C:\xampp\htdocs\sekolah\index.php(13): CApplication->run()
#13 {main}
REQUEST_URI=/sekolah/index.php?r=user/admin
---
2023/02/20 03:58:40 [error] [exception.Error] Error: Object of class UserModule could not be converted to string in C:\xampp\htdocs\sekolah\protected\modules\user\views\admin\index.php:1
Stack trace:
#0 C:\xampp\htdocs\sekolah\framework\web\CBaseController.php(126): require()
#1 C:\xampp\htdocs\sekolah\framework\web\CBaseController.php(95): CBaseController->renderInternal('C:\\xampp\\htdocs...', Array, true)
#2 C:\xampp\htdocs\sekolah\framework\web\CController.php(872): CBaseController->renderFile('C:\\xampp\\htdocs...', Array, true)
#3 C:\xampp\htdocs\sekolah\framework\web\CController.php(785): CController->renderPartial('index', Array, true)
#4 C:\xampp\htdocs\sekolah\protected\modules\user\controllers\AdminController.php(37): CController->render('index', Array)
#5 C:\xampp\htdocs\sekolah\framework\web\actions\CInlineAction.php(49): AdminController->actionAdmin()
#6 C:\xampp\htdocs\sekolah\framework\web\CController.php(308): CInlineAction->runWithParams(Array)
#7 C:\xampp\htdocs\sekolah\framework\web\CController.php(286): CController->runAction(Object(CInlineAction))
#8 C:\xampp\htdocs\sekolah\framework\web\CController.php(265): CController->runActionWithFilters(Object(CInlineAction), Array)
#9 C:\xampp\htdocs\sekolah\framework\web\CWebApplication.php(282): CController->run('')
#10 C:\xampp\htdocs\sekolah\framework\web\CWebApplication.php(141): CWebApplication->runController('user/admin')
#11 C:\xampp\htdocs\sekolah\framework\base\CApplication.php(185): CWebApplication->processRequest()
#12 C:\xampp\htdocs\sekolah\index.php(13): CApplication->run()
#13 {main}
REQUEST_URI=/sekolah/index.php?r=user/admin
---
2023/02/20 03:58:40 [error] [exception.Error] Error: Object of class UserModule could not be converted to string in C:\xampp\htdocs\sekolah\protected\modules\user\views\admin\index.php:1
Stack trace:
#0 C:\xampp\htdocs\sekolah\framework\web\CBaseController.php(126): require()
#1 C:\xampp\htdocs\sekolah\framework\web\CBaseController.php(95): CBaseController->renderInternal('C:\\xampp\\htdocs...', Array, true)
#2 C:\xampp\htdocs\sekolah\framework\web\CController.php(872): CBaseController->renderFile('C:\\xampp\\htdocs...', Array, true)
#3 C:\xampp\htdocs\sekolah\framework\web\CController.php(785): CController->renderPartial('index', Array, true)
#4 C:\xampp\htdocs\sekolah\protected\modules\user\controllers\AdminController.php(37): CController->render('index', Array)
#5 C:\xampp\htdocs\sekolah\framework\web\actions\CInlineAction.php(49): AdminController->actionAdmin()
#6 C:\xampp\htdocs\sekolah\framework\web\CController.php(308): CInlineAction->runWithParams(Array)
#7 C:\xampp\htdocs\sekolah\framework\web\CController.php(286): CController->runAction(Object(CInlineAction))
#8 C:\xampp\htdocs\sekolah\framework\web\CController.php(265): CController->runActionWithFilters(Object(CInlineAction), Array)
#9 C:\xampp\htdocs\sekolah\framework\web\CWebApplication.php(282): CController->run('')
#10 C:\xampp\htdocs\sekolah\framework\web\CWebApplication.php(141): CWebApplication->runController('user/admin')
#11 C:\xampp\htdocs\sekolah\framework\base\CApplication.php(185): CWebApplication->processRequest()
#12 C:\xampp\htdocs\sekolah\index.php(13): CApplication->run()
#13 {main}
REQUEST_URI=/sekolah/index.php?r=user/admin
---
2023/02/20 03:58:40 [error] [exception.Error] Error: Object of class UserModule could not be converted to string in C:\xampp\htdocs\sekolah\protected\modules\user\views\admin\index.php:1
Stack trace:
#0 C:\xampp\htdocs\sekolah\framework\web\CBaseController.php(126): require()
#1 C:\xampp\htdocs\sekolah\framework\web\CBaseController.php(95): CBaseController->renderInternal('C:\\xampp\\htdocs...', Array, true)
#2 C:\xampp\htdocs\sekolah\framework\web\CController.php(872): CBaseController->renderFile('C:\\xampp\\htdocs...', Array, true)
#3 C:\xampp\htdocs\sekolah\framework\web\CController.php(785): CController->renderPartial('index', Array, true)
#4 C:\xampp\htdocs\sekolah\protected\modules\user\controllers\AdminController.php(37): CController->render('index', Array)
#5 C:\xampp\htdocs\sekolah\framework\web\actions\CInlineAction.php(49): AdminController->actionAdmin()
#6 C:\xampp\htdocs\sekolah\framework\web\CController.php(308): CInlineAction->runWithParams(Array)
#7 C:\xampp\htdocs\sekolah\framework\web\CController.php(286): CController->runAction(Object(CInlineAction))
#8 C:\xampp\htdocs\sekolah\framework\web\CController.php(265): CController->runActionWithFilters(Object(CInlineAction), Array)
#9 C:\xampp\htdocs\sekolah\framework\web\CWebApplication.php(282): CController->run('')
#10 C:\xampp\htdocs\sekolah\framework\web\CWebApplication.php(141): CWebApplication->runController('user/admin')
#11 C:\xampp\htdocs\sekolah\framework\base\CApplication.php(185): CWebApplication->processRequest()
#12 C:\xampp\htdocs\sekolah\index.php(13): CApplication->run()
#13 {main}
REQUEST_URI=/sekolah/index.php?r=user/admin
---
2023/02/20 03:58:41 [error] [exception.Error] Error: Object of class UserModule could not be converted to string in C:\xampp\htdocs\sekolah\protected\modules\user\views\admin\index.php:1
Stack trace:
#0 C:\xampp\htdocs\sekolah\framework\web\CBaseController.php(126): require()
#1 C:\xampp\htdocs\sekolah\framework\web\CBaseController.php(95): CBaseController->renderInternal('C:\\xampp\\htdocs...', Array, true)
#2 C:\xampp\htdocs\sekolah\framework\web\CController.php(872): CBaseController->renderFile('C:\\xampp\\htdocs...', Array, true)
#3 C:\xampp\htdocs\sekolah\framework\web\CController.php(785): CController->renderPartial('index', Array, true)
#4 C:\xampp\htdocs\sekolah\protected\modules\user\controllers\AdminController.php(37): CController->render('index', Array)
#5 C:\xampp\htdocs\sekolah\framework\web\actions\CInlineAction.php(49): AdminController->actionAdmin()
#6 C:\xampp\htdocs\sekolah\framework\web\CController.php(308): CInlineAction->runWithParams(Array)
#7 C:\xampp\htdocs\sekolah\framework\web\CController.php(286): CController->runAction(Object(CInlineAction))
#8 C:\xampp\htdocs\sekolah\framework\web\CController.php(265): CController->runActionWithFilters(Object(CInlineAction), Array)
#9 C:\xampp\htdocs\sekolah\framework\web\CWebApplication.php(282): CController->run('')
#10 C:\xampp\htdocs\sekolah\framework\web\CWebApplication.php(141): CWebApplication->runController('user/admin')
#11 C:\xampp\htdocs\sekolah\framework\base\CApplication.php(185): CWebApplication->processRequest()
#12 C:\xampp\htdocs\sekolah\index.php(13): CApplication->run()
#13 {main}
REQUEST_URI=/sekolah/index.php?r=user/admin
---
2023/02/20 03:59:07 [error] [exception.ArgumentCountError] ArgumentCountError: Too few arguments to function CModule::getModule(), 0 passed in C:\xampp\htdocs\sekolah\framework\base\CComponent.php on line 111 and exactly 1 expected in C:\xampp\htdocs\sekolah\framework\base\CModule.php:269
Stack trace:
#0 C:\xampp\htdocs\sekolah\framework\base\CComponent.php(111): CModule->getModule()
#1 C:\xampp\htdocs\sekolah\framework\base\CModule.php(105): CComponent->__get('module')
#2 C:\xampp\htdocs\sekolah\protected\modules\user\views\admin\index.php(1): CModule->__get('module')
#3 C:\xampp\htdocs\sekolah\framework\web\CBaseController.php(126): require('C:\\xampp\\htdocs...')
#4 C:\xampp\htdocs\sekolah\framework\web\CBaseController.php(95): CBaseController->renderInternal('C:\\xampp\\htdocs...', Array, true)
#5 C:\xampp\htdocs\sekolah\framework\web\CController.php(872): CBaseController->renderFile('C:\\xampp\\htdocs...', Array, true)
#6 C:\xampp\htdocs\sekolah\framework\web\CController.php(785): CController->renderPartial('index', Array, true)
#7 C:\xampp\htdocs\sekolah\protected\modules\user\controllers\AdminController.php(37): CController->render('index', Array)
#8 C:\xampp\htdocs\sekolah\framework\web\actions\CInlineAction.php(49): AdminController->actionAdmin()
#9 C:\xampp\htdocs\sekolah\framework\web\CController.php(308): CInlineAction->runWithParams(Array)
#10 C:\xampp\htdocs\sekolah\framework\web\CController.php(286): CController->runAction(Object(CInlineAction))
#11 C:\xampp\htdocs\sekolah\framework\web\CController.php(265): CController->runActionWithFilters(Object(CInlineAction), Array)
#12 C:\xampp\htdocs\sekolah\framework\web\CWebApplication.php(282): CController->run('')
#13 C:\xampp\htdocs\sekolah\framework\web\CWebApplication.php(141): CWebApplication->runController('user/admin')
#14 C:\xampp\htdocs\sekolah\framework\base\CApplication.php(185): CWebApplication->processRequest()
#15 C:\xampp\htdocs\sekolah\index.php(13): CApplication->run()
#16 {main}
REQUEST_URI=/sekolah/index.php?r=user/admin
---
2023/02/20 03:59:28 [error] [exception.ArgumentCountError] ArgumentCountError: Too few arguments to function CModule::getModule(), 0 passed in C:\xampp\htdocs\sekolah\protected\modules\user\views\admin\index.php on line 1 and exactly 1 expected in C:\xampp\htdocs\sekolah\framework\base\CModule.php:269
Stack trace:
#0 C:\xampp\htdocs\sekolah\protected\modules\user\views\admin\index.php(1): CModule->getModule()
#1 C:\xampp\htdocs\sekolah\framework\web\CBaseController.php(126): require('C:\\xampp\\htdocs...')
#2 C:\xampp\htdocs\sekolah\framework\web\CBaseController.php(95): CBaseController->renderInternal('C:\\xampp\\htdocs...', Array, true)
#3 C:\xampp\htdocs\sekolah\framework\web\CController.php(872): CBaseController->renderFile('C:\\xampp\\htdocs...', Array, true)
#4 C:\xampp\htdocs\sekolah\framework\web\CController.php(785): CController->renderPartial('index', Array, true)
#5 C:\xampp\htdocs\sekolah\protected\modules\user\controllers\AdminController.php(37): CController->render('index', Array)
#6 C:\xampp\htdocs\sekolah\framework\web\actions\CInlineAction.php(49): AdminController->actionAdmin()
#7 C:\xampp\htdocs\sekolah\framework\web\CController.php(308): CInlineAction->runWithParams(Array)
#8 C:\xampp\htdocs\sekolah\framework\web\CController.php(286): CController->runAction(Object(CInlineAction))
#9 C:\xampp\htdocs\sekolah\framework\web\CController.php(265): CController->runActionWithFilters(Object(CInlineAction), Array)
#10 C:\xampp\htdocs\sekolah\framework\web\CWebApplication.php(282): CController->run('')
#11 C:\xampp\htdocs\sekolah\framework\web\CWebApplication.php(141): CWebApplication->runController('user/admin')
#12 C:\xampp\htdocs\sekolah\framework\base\CApplication.php(185): CWebApplication->processRequest()
#13 C:\xampp\htdocs\sekolah\index.php(13): CApplication->run()
#14 {main}
REQUEST_URI=/sekolah/index.php?r=user/admin
---
2023/02/20 08:14:41 [error] [exception.CException] CException: AdminController and its behaviors do not have a method or closure named "action". in C:\xampp\htdocs\sekolah\framework\base\CComponent.php:266
Stack trace:
#0 C:\xampp\htdocs\sekolah\protected\modules\user\views\admin\index.php(3): CComponent->__call('action', Array)
#1 C:\xampp\htdocs\sekolah\framework\web\CBaseController.php(126): require('C:\\xampp\\htdocs...')
#2 C:\xampp\htdocs\sekolah\framework\web\CBaseController.php(95): CBaseController->renderInternal('C:\\xampp\\htdocs...', Array, true)
#3 C:\xampp\htdocs\sekolah\framework\web\CController.php(872): CBaseController->renderFile('C:\\xampp\\htdocs...', Array, true)
#4 C:\xampp\htdocs\sekolah\framework\web\CController.php(785): CController->renderPartial('index', Array, true)
#5 C:\xampp\htdocs\sekolah\protected\modules\user\controllers\AdminController.php(38): CController->render('index', Array)
#6 C:\xampp\htdocs\sekolah\framework\web\actions\CInlineAction.php(49): AdminController->actionAdmin()
#7 C:\xampp\htdocs\sekolah\framework\web\CController.php(308): CInlineAction->runWithParams(Array)
#8 C:\xampp\htdocs\sekolah\framework\web\CController.php(286): CController->runAction(Object(CInlineAction))
#9 C:\xampp\htdocs\sekolah\framework\web\CController.php(265): CController->runActionWithFilters(Object(CInlineAction), Array)
#10 C:\xampp\htdocs\sekolah\framework\web\CWebApplication.php(282): CController->run('')
#11 C:\xampp\htdocs\sekolah\framework\web\CWebApplication.php(141): CWebApplication->runController('user/admin')
#12 C:\xampp\htdocs\sekolah\framework\base\CApplication.php(185): CWebApplication->processRequest()
#13 C:\xampp\htdocs\sekolah\index.php(13): CApplication->run()
#14 {main}
REQUEST_URI=/sekolah/index.php?r=user/admin
---
2023/02/20 08:15:05 [error] [exception.CException] CException: Property "AdminController.controller" is not defined. in C:\xampp\htdocs\sekolah\framework\base\CComponent.php:130
Stack trace:
#0 C:\xampp\htdocs\sekolah\protected\modules\user\views\admin\index.php(3): CComponent->__get('controller')
#1 C:\xampp\htdocs\sekolah\framework\web\CBaseController.php(126): require('C:\\xampp\\htdocs...')
#2 C:\xampp\htdocs\sekolah\framework\web\CBaseController.php(95): CBaseController->renderInternal('C:\\xampp\\htdocs...', Array, true)
#3 C:\xampp\htdocs\sekolah\framework\web\CController.php(872): CBaseController->renderFile('C:\\xampp\\htdocs...', Array, true)
#4 C:\xampp\htdocs\sekolah\framework\web\CController.php(785): CController->renderPartial('index', Array, true)
#5 C:\xampp\htdocs\sekolah\protected\modules\user\controllers\AdminController.php(38): CController->render('index', Array)
#6 C:\xampp\htdocs\sekolah\framework\web\actions\CInlineAction.php(49): AdminController->actionAdmin()
#7 C:\xampp\htdocs\sekolah\framework\web\CController.php(308): CInlineAction->runWithParams(Array)
#8 C:\xampp\htdocs\sekolah\framework\web\CController.php(286): CController->runAction(Object(CInlineAction))
#9 C:\xampp\htdocs\sekolah\framework\web\CController.php(265): CController->runActionWithFilters(Object(CInlineAction), Array)
#10 C:\xampp\htdocs\sekolah\framework\web\CWebApplication.php(282): CController->run('')
#11 C:\xampp\htdocs\sekolah\framework\web\CWebApplication.php(141): CWebApplication->runController('user/admin')
#12 C:\xampp\htdocs\sekolah\framework\base\CApplication.php(185): CWebApplication->processRequest()
#13 C:\xampp\htdocs\sekolah\index.php(13): CApplication->run()
#14 {main}
REQUEST_URI=/sekolah/index.php?r=user/admin
---
2023/02/20 08:15:20 [error] [exception.CException] CException: AdminController and its behaviors do not have a method or closure named "controller". in C:\xampp\htdocs\sekolah\framework\base\CComponent.php:266
Stack trace:
#0 C:\xampp\htdocs\sekolah\protected\modules\user\views\admin\index.php(3): CComponent->__call('controller', Array)
#1 C:\xampp\htdocs\sekolah\framework\web\CBaseController.php(126): require('C:\\xampp\\htdocs...')
#2 C:\xampp\htdocs\sekolah\framework\web\CBaseController.php(95): CBaseController->renderInternal('C:\\xampp\\htdocs...', Array, true)
#3 C:\xampp\htdocs\sekolah\framework\web\CController.php(872): CBaseController->renderFile('C:\\xampp\\htdocs...', Array, true)
#4 C:\xampp\htdocs\sekolah\framework\web\CController.php(785): CController->renderPartial('index', Array, true)
#5 C:\xampp\htdocs\sekolah\protected\modules\user\controllers\AdminController.php(38): CController->render('index', Array)
#6 C:\xampp\htdocs\sekolah\framework\web\actions\CInlineAction.php(49): AdminController->actionAdmin()
#7 C:\xampp\htdocs\sekolah\framework\web\CController.php(308): CInlineAction->runWithParams(Array)
#8 C:\xampp\htdocs\sekolah\framework\web\CController.php(286): CController->runAction(Object(CInlineAction))
#9 C:\xampp\htdocs\sekolah\framework\web\CController.php(265): CController->runActionWithFilters(Object(CInlineAction), Array)
#10 C:\xampp\htdocs\sekolah\framework\web\CWebApplication.php(282): CController->run('')
#11 C:\xampp\htdocs\sekolah\framework\web\CWebApplication.php(141): CWebApplication->runController('user/admin')
#12 C:\xampp\htdocs\sekolah\framework\base\CApplication.php(185): CWebApplication->processRequest()
#13 C:\xampp\htdocs\sekolah\index.php(13): CApplication->run()
#14 {main}
REQUEST_URI=/sekolah/index.php?r=user/admin
---
2023/02/20 08:45:36 [error] [php] Undefined variable $breadcrumbs (C:\xampp\htdocs\sekolah\protected\modules\user\views\admin\index.php:5)
Stack trace:
#0 C:\xampp\htdocs\sekolah\framework\web\CBaseController.php(126): require()
#1 C:\xampp\htdocs\sekolah\framework\web\CBaseController.php(95): AdminController->renderInternal()
#2 C:\xampp\htdocs\sekolah\framework\web\CController.php(872): AdminController->renderFile()
#3 C:\xampp\htdocs\sekolah\framework\web\CController.php(785): AdminController->renderPartial()
#4 C:\xampp\htdocs\sekolah\protected\modules\user\controllers\AdminController.php(38): AdminController->render()
#5 C:\xampp\htdocs\sekolah\framework\web\actions\CInlineAction.php(49): AdminController->actionAdmin()
#6 C:\xampp\htdocs\sekolah\framework\web\CController.php(308): CInlineAction->runWithParams()
#7 C:\xampp\htdocs\sekolah\framework\web\CController.php(286): AdminController->runAction()
#8 C:\xampp\htdocs\sekolah\framework\web\CController.php(265): AdminController->runActionWithFilters()
#9 C:\xampp\htdocs\sekolah\framework\web\CWebApplication.php(282): AdminController->run()
#10 C:\xampp\htdocs\sekolah\framework\web\CWebApplication.php(141): CWebApplication->runController()
#11 C:\xampp\htdocs\sekolah\framework\base\CApplication.php(185): CWebApplication->processRequest()
#12 C:\xampp\htdocs\sekolah\index.php(13): CWebApplication->run()
REQUEST_URI=/sekolah/index.php?r=user/admin
in C:\xampp\htdocs\sekolah\protected\modules\user\views\admin\index.php (5)
in C:\xampp\htdocs\sekolah\protected\modules\user\controllers\AdminController.php (38)
in C:\xampp\htdocs\sekolah\index.php (13)
2023/02/20 08:46:09 [error] [exception.ParseError] ParseError: syntax error, unexpected end of file, expecting "elseif" or "else" or "endif" in C:\xampp\htdocs\sekolah\protected\views\layouts\mainlte.php:780
Stack trace:
#0 C:\xampp\htdocs\sekolah\framework\web\CBaseController.php(95): CBaseController->renderInternal('C:\\xampp\\htdocs...', Array, true)
#1 C:\xampp\htdocs\sekolah\framework\web\CController.php(787): CBaseController->renderFile('C:\\xampp\\htdocs...', Array, true)
#2 C:\xampp\htdocs\sekolah\protected\modules\user\controllers\AdminController.php(38): CController->render('index', Array)
#3 C:\xampp\htdocs\sekolah\framework\web\actions\CInlineAction.php(49): AdminController->actionAdmin()
#4 C:\xampp\htdocs\sekolah\framework\web\CController.php(308): CInlineAction->runWithParams(Array)
#5 C:\xampp\htdocs\sekolah\framework\web\CController.php(286): CController->runAction(Object(CInlineAction))
#6 C:\xampp\htdocs\sekolah\framework\web\CController.php(265): CController->runActionWithFilters(Object(CInlineAction), Array)
#7 C:\xampp\htdocs\sekolah\framework\web\CWebApplication.php(282): CController->run('')
#8 C:\xampp\htdocs\sekolah\framework\web\CWebApplication.php(141): CWebApplication->runController('user/admin')
#9 C:\xampp\htdocs\sekolah\framework\base\CApplication.php(185): CWebApplication->processRequest()
#10 C:\xampp\htdocs\sekolah\index.php(13): CApplication->run()
#11 {main}
REQUEST_URI=/sekolah/index.php?r=user/admin
---
2023/02/20 08:49:28 [error] [exception.CHttpException.404] CHttpException: Unable to resolve the request "user/user/admin". in C:\xampp\htdocs\sekolah\framework\web\CWebApplication.php:286
Stack trace:
#0 C:\xampp\htdocs\sekolah\framework\web\CWebApplication.php(141): CWebApplication->runController('user/user/admin')
#1 C:\xampp\htdocs\sekolah\framework\base\CApplication.php(185): CWebApplication->processRequest()
#2 C:\xampp\htdocs\sekolah\index.php(13): CApplication->run()
#3 {main}
REQUEST_URI=/sekolah/index.php?r=user/user/admin
HTTP_REFERER=http://localhost:8080/sekolah/index.php?r=user/admin
---
2023/02/20 08:49:43 [error] [exception.CHttpException.404] CHttpException: Unable to resolve the request "user/user/admin". in C:\xampp\htdocs\sekolah\framework\web\CWebApplication.php:286
Stack trace:
#0 C:\xampp\htdocs\sekolah\framework\web\CWebApplication.php(141): CWebApplication->runController('user/user/admin')
#1 C:\xampp\htdocs\sekolah\framework\base\CApplication.php(185): CWebApplication->processRequest()
#2 C:\xampp\htdocs\sekolah\index.php(13): CApplication->run()
#3 {main}
REQUEST_URI=/sekolah/index.php?r=user/user/admin
HTTP_REFERER=http://localhost:8080/sekolah/index.php?r=user/admin
---
